::1 - - [01/Nov/2025:05:11:53 +0000] "GET /api/v1/reservas/ HTTP/1.1" 200 3486 "-" "bruno-runtime/2.13.2"
::1 - - [01/Nov/2025:05:12:47 +0000] "GET /api/v1/reservas/ HTTP/1.1" 200 3765 "-" "bruno-runtime/2.13.2"
::1 - - [01/Nov/2025:05:22:02 +0000] "GET /api/v1/reservas/ HTTP/1.1" 200 6368 "-" "bruno-runtime/2.13.2"
::1 - - [01/Nov/2025:05:22:20 +0000] "POST /api/v1/reservas/ HTTP/1.1" 500 55 "-" "bruno-runtime/2.13.2"
::1 - - [01/Nov/2025:05:23:12 +0000] "POST /api/v1/reservas/ HTTP/1.1" 201 485 "-" "bruno-runtime/2.13.2"
::1 - - [01/Nov/2025:05:23:55 +0000] "POST /api/v1/reservas/ HTTP/1.1" 201 485 "-" "bruno-runtime/2.13.2"
::1 - - [01/Nov/2025:05:24:22 +0000] "DELETE /api/v1/reservas/42 HTTP/1.1" 200 61 "-" "bruno-runtime/2.13.2"
::1 - - [01/Nov/2025:05:24:26 +0000] "GET /api/v1/reservas/ HTTP/1.1" 200 6880 "-" "bruno-runtime/2.13.2"
::1 - - [01/Nov/2025:05:24:42 +0000] "DELETE /api/v1/reservas/44 HTTP/1.1" 200 61 "-" "bruno-runtime/2.13.2"
::1 - - [01/Nov/2025:05:25:06 +0000] "GET /api/v1/reservas/ HTTP/1.1" 200 6476 "-" "bruno-runtime/2.13.2"
::1 - - [01/Nov/2025:05:25:32 +0000] "PUT /api/v1/reservas/43 HTTP/1.1" 200 677 "-" "bruno-runtime/2.13.2"
::1 - - [01/Nov/2025:05:25:42 +0000] "GET /api/v1/reservas/ HTTP/1.1" 200 6662 "-" "bruno-runtime/2.13.2"
::1 - - [01/Nov/2025:05:26:00 +0000] "GET /api/v1/usuarios HTTP/1.1" 404 154 "-" "bruno-runtime/2.13.2"
::1 - - [01/Nov/2025:05:26:17 +0000] "GET /api/v1/salones HTTP/1.1" 200 2326 "-" "bruno-runtime/2.13.2"
::1 - - [01/Nov/2025:05:26:37 +0000] "POST /api/v1/salones/ HTTP/1.1" 201 292 "-" "bruno-runtime/2.13.2"
::1 - - [01/Nov/2025:05:26:44 +0000] "GET /api/v1/salones HTTP/1.1" 200 2556 "-" "bruno-runtime/2.13.2"
::1 - - [01/Nov/2025:05:27:20 +0000] "PUT /api/v1/salones/12 HTTP/1.1" 200 297 "-" "bruno-runtime/2.13.2"
::1 - - [01/Nov/2025:05:27:24 +0000] "GET /api/v1/salones HTTP/1.1" 200 2555 "-" "bruno-runtime/2.13.2"
::1 - - [01/Nov/2025:05:27:37 +0000] "DELETE /api/v1/salones/12 HTTP/1.1" 200 60 "-" "bruno-runtime/2.13.2"
::1 - - [01/Nov/2025:05:27:39 +0000] "DELETE /api/v1/salones/12 HTTP/1.1" 404 72 "-" "bruno-runtime/2.13.2"
::1 - - [01/Nov/2025:05:27:46 +0000] "PATCH /api/v1/salones/12/activar HTTP/1.1" 404 49 "-" "bruno-runtime/2.13.2"
::1 - - [01/Nov/2025:05:27:47 +0000] "PATCH /api/v1/salones/12/activar HTTP/1.1" 404 49 "-" "bruno-runtime/2.13.2"
::1 - - [01/Nov/2025:05:27:53 +0000] "GET /api/v1/salones HTTP/1.1" 200 2326 "-" "bruno-runtime/2.13.2"
::1 - - [01/Nov/2025:05:28:06 +0000] "PATCH /api/v1/salones/12/activar HTTP/1.1" 404 49 "-" "bruno-runtime/2.13.2"
::1 - - [01/Nov/2025:05:28:11 +0000] "PATCH /api/v1/salones/11/activar HTTP/1.1" 400 84 "-" "bruno-runtime/2.13.2"
::1 - - [01/Nov/2025:05:28:17 +0000] "GET /api/v1/servicios/ HTTP/1.1" 200 1755 "-" "bruno-runtime/2.13.2"
::1 - - [01/Nov/2025:05:28:23 +0000] "DELETE /api/v1/servicios/1 HTTP/1.1" 200 67 "-" "bruno-runtime/2.13.2"
::1 - - [01/Nov/2025:05:28:30 +0000] "GET /api/v1/servicios/ HTTP/1.1" 200 1606 "-" "bruno-runtime/2.13.2"
::1 - - [01/Nov/2025:05:28:34 +0000] "PATCH /api/v1/servicios/1/activar HTTP/1.1" 404 57 "-" "bruno-runtime/2.13.2"
::1 - - [01/Nov/2025:05:28:38 +0000] "PUT /api/v1/servicios/22 HTTP/1.1" 200 229 "-" "bruno-runtime/2.13.2"
::1 - - [01/Nov/2025:05:28:41 +0000] "POST /api/v1/servicios/ HTTP/1.1" 400 61 "-" "bruno-runtime/2.13.2"
::1 - - [01/Nov/2025:05:39:47 +0000] "GET /api/v1/reservas/ HTTP/1.1" 200 6662 "-" "bruno-runtime/2.13.2"
::1 - - [01/Nov/2025:05:40:08 +0000] "POST /api/v1/reservas/ HTTP/1.1" 201 445 "-" "bruno-runtime/2.13.2"
::1 - - [01/Nov/2025:05:40:30 +0000] "GET /api/v1/reservas/ HTTP/1.1" 200 7026 "-" "bruno-runtime/2.13.2"
::1 - - [01/Nov/2025:05:40:37 +0000] "DELETE /api/v1/reservas/45 HTTP/1.1" 200 61 "-" "bruno-runtime/2.13.2"
::1 - - [01/Nov/2025:05:40:40 +0000] "GET /api/v1/reservas/ HTTP/1.1" 200 6662 "-" "bruno-runtime/2.13.2"
::1 - - [01/Nov/2025:05:40:56 +0000] "GET /api/v1/reservas/ HTTP/1.1" 200 6662 "-" "bruno-runtime/2.13.2"
::1 - - [01/Nov/2025:05:41:16 +0000] "PUT /api/v1/reservas/43 HTTP/1.1" 200 395 "-" "bruno-runtime/2.13.2"
::1 - - [01/Nov/2025:05:41:52 +0000] "PUT /api/v1/reservas/43 HTTP/1.1" 200 390 "-" "bruno-runtime/2.13.2"
::1 - - [01/Nov/2025:05:43:45 +0000] "GET /api/v1/servicios/ HTTP/1.1" 200 1606 "-" "bruno-runtime/2.13.2"
::1 - - [01/Nov/2025:05:44:53 +0000] "PUT /api/v1/reservas/43 HTTP/1.1" - - "-" "bruno-runtime/2.13.2"
::1 - - [01/Nov/2025:05:45:32 +0000] "PUT /api/v1/reservas/43 HTTP/1.1" - - "-" "bruno-runtime/2.13.2"
::1 - - [01/Nov/2025:05:45:37 +0000] "GET /api/v1/servicios/ HTTP/1.1" 200 1606 "-" "bruno-runtime/2.13.2"
::1 - - [01/Nov/2025:05:46:02 +0000] "PUT /api/v1/reservas/43 HTTP/1.1" - - "-" "bruno-runtime/2.13.2"
::1 - - [01/Nov/2025:05:52:33 +0000] "PUT /api/v1/reservas/43 HTTP/1.1" - - "-" "bruno-runtime/2.13.2"
::1 - - [01/Nov/2025:05:52:41 +0000] "PUT /api/v1/reservas/43 HTTP/1.1" - - "-" "bruno-runtime/2.13.2"
::1 - - [01/Nov/2025:05:54:47 +0000] "PUT /api/v1/reservas/43 HTTP/1.1" 200 556 "-" "bruno-runtime/2.13.2"
::1 - - [01/Nov/2025:05:54:56 +0000] "PUT /api/v1/reservas/43 HTTP/1.1" 200 390 "-" "bruno-runtime/2.13.2"
::1 - - [01/Nov/2025:05:55:40 +0000] "PUT /api/v1/reservas/43 HTTP/1.1" 200 397 "-" "bruno-runtime/2.13.2"
::1 - - [01/Nov/2025:05:55:47 +0000] "PUT /api/v1/reservas/43 HTTP/1.1" 200 563 "-" "bruno-runtime/2.13.2"
::1 - - [01/Nov/2025:05:56:02 +0000] "PUT /api/v1/reservas/43 HTTP/1.1" 200 563 "-" "bruno-runtime/2.13.2"
::1 - - [01/Nov/2025:05:56:13 +0000] "PUT /api/v1/reservas/43 HTTP/1.1" 200 563 "-" "bruno-runtime/2.13.2"
::1 - - [01/Nov/2025:05:56:21 +0000] "GET /api/v1/reservas/ HTTP/1.1" 200 6553 "-" "bruno-runtime/2.13.2"
::1 - - [01/Nov/2025:05:56:39 +0000] "POST /api/v1/reservas/ HTTP/1.1" 201 430 "-" "bruno-runtime/2.13.2"
::1 - - [01/Nov/2025:05:56:51 +0000] "DELETE /api/v1/reservas/43 HTTP/1.1" 200 61 "-" "bruno-runtime/2.13.2"
::1 - - [01/Nov/2025:05:56:58 +0000] "GET /api/v1/reservas/ HTTP/1.1" 200 6421 "-" "bruno-runtime/2.13.2"
::1 - - [01/Nov/2025:05:57:08 +0000] "DELETE /api/v1/reservas/46 HTTP/1.1" 200 61 "-" "bruno-runtime/2.13.2"
::1 - - [01/Nov/2025:05:57:11 +0000] "GET /api/v1/reservas/ HTTP/1.1" 200 6072 "-" "bruno-runtime/2.13.2"
::1 - - [01/Nov/2025:05:57:36 +0000] "GET /api/v1/salones HTTP/1.1" 200 2326 "-" "bruno-runtime/2.13.2"
::1 - - [01/Nov/2025:05:57:40 +0000] "POST /api/v1/salones/ HTTP/1.1" 201 292 "-" "bruno-runtime/2.13.2"
::1 - - [01/Nov/2025:05:57:45 +0000] "GET /api/v1/servicios/ HTTP/1.1" 200 1606 "-" "bruno-runtime/2.13.2"
::1 - - [01/Nov/2025:05:57:47 +0000] "DELETE /api/v1/servicios/1 HTTP/1.1" 404 65 "-" "bruno-runtime/2.13.2"
::1 - - [01/Nov/2025:05:57:53 +0000] "POST /api/v1/servicios/ HTTP/1.1" 400 61 "-" "bruno-runtime/2.13.2"
::1 - - [01/Nov/2025:05:58:02 +0000] "POST /api/v1/servicios/ HTTP/1.1" 200 231 "-" "bruno-runtime/2.13.2"
::1 - - [01/Nov/2025:06:00:44 +0000] "GET /api/v1/reservas/ HTTP/1.1" 200 6072 "-" "bruno-runtime/2.13.2"
::1 - - [01/Nov/2025:06:00:48 +0000] "PUT /api/v1/reservas/43 HTTP/1.1" 404 68 "-" "bruno-runtime/2.13.2"
::1 - - [01/Nov/2025:06:00:54 +0000] "GET /api/v1/reservas/ HTTP/1.1" 200 6072 "-" "bruno-runtime/2.13.2"
::1 - - [01/Nov/2025:06:01:03 +0000] "PUT /api/v1/reservas/41 HTTP/1.1" 200 563 "-" "bruno-runtime/2.13.2"
::1 - - [01/Nov/2025:06:01:14 +0000] "DELETE /api/v1/reservas/41 HTTP/1.1" 200 61 "-" "bruno-runtime/2.13.2"
